1;20190104 23:13:30;Unknown;;Failed to deactivate alarm
2;20190104 23:16:24;1;;Alarm deactivated
3;20190104 23:20:52;1;;Alarm deactivated
4;20190105 00:40:50;5;;Alarm deactivated
5;20190105 00:41:57;1;;Alarm deactivated
6;20190105 00:52:48;1;;Alarm deactivated
7;20190105 00:53:57;5;;Alarm deactivated
8;20190105 00:55:23;5;;Alarm deactivated
9;20190105 00:55:37;1;;Alarm activated
10;20190105 00:55:47;3;;Blocked user attempted alarm deactivation
11;20190105 00:55:47;Unknown;;Failed to deactivate alarm
12;20190105 00:55:56;Unknown;;Failed to deactivate alarm
13;20190105 00:56:04;Unknown;;3 failed attempts/System locked!
14;20190105 00:57:14;1;;Alarm deactivated/police notified
15;20190105 00:58:15;4;;Alarm activated
16;20190105 00:59:38;2;;Alarm deactivated
17;20190105 00:59:57;1;;Alarm activated
18;20190105 01:01:23;3;;Blocked user attempted alarm deactivation
19;20190105 01:01:23;Unknown;;Failed to deactivate alarm
20;20190105 01:01:28;4;;Alarm deactivated
21;20190105 01:01:59;5;;Alarm activated
22;20190105 01:07:19;1;;Alarm deactivated
23;20190105 01:07:29;1;;Alarm activated
24;20190105 01:08:20;1;;Alarm deactivated
25;20190105 01:13:36;1;;Alarm deactivated
26;20190105 01:18:13;1;;Alarm deactivated
27;20190105 01:21:16;1;;Alarm deactivated
28;20190105 01:21:35;1;;Alarm activated
29;20190105 01:25:48;Unknown;;Failed to deactivate alarm
30;20190105 01:25:56;Unknown;;Failed to deactivate alarm
31;20190105 01:26:04;Unknown;;3 failed attempts/System locked!
32;20190105 01:38:44;1;;Alarm deactivated
33;20190105 01:40:56;1;;Alarm deactivated
34;20190105 01:47:03;1;;Alarm deactivated
35;20190105 01:49:59;1;;Alarm deactivated
36;20190105 01:52:02;1;;Alarm deactivated
37;20190105 01:54:04;1;;Alarm deactivated
38;20190105 02:04:01;5;;Alarm deactivated
39;20190105 02:05:12;2;;Alarm deactivated
40;20190105 02:08:14;1;;Alarm deactivated
41;20190105 02:09:49;Unknown;;Failed to deactivate alarm
42;20190105 02:09:56;1;;Alarm deactivated
43;20190105 02:11:27;1;;Alarm deactivated
44;20190105 02:17:29;1;;Alarm deactivated
45;20190105 02:19:12;1;;Alarm deactivated
46;20190105 02:20:10;2;;Alarm deactivated
47;20190105 02:23:33;1;;Alarm deactivated
48;20190105 02:25:04;4;;Alarm deactivated
49;20190105 02:25:24;1;;Alarm activated
50;20190105 02:25:26;Unknown;;Failed to deactivate alarm
51;20190105 02:25:38;3;;Blocked user attempted alarm deactivation
52;20190105 02:25:38;Unknown;;Failed to deactivate alarm
53;20190105 02:28:13;1;;Alarm deactivated
54;20190105 02:28:23;1;;Alarm activated
55;20190105 02:29:57;1;;Alarm deactivated
56;20190105 02:30:08;1;;Alarm activated
57;20190105 02:32:36;5;;Alarm deactivated
58;20190105 02:32:50;1;;Alarm activated
59;20190105 02:40:12;1;;Alarm deactivated
60;20190105 02:40:20;1;;Alarm activated
61;20190105 02:42:39;4;;Alarm deactivated
62;20190105 02:42:45;1;;Alarm activated
